<?xml version="1.0" encoding="UTF-8"?>
<testsuite xmlns:xsi="http://www.w3.org/2001/XMLSchema-instance" xsi:noNamespaceSchemaLocation="https://maven.apache.org/surefire/maven-surefire-plugin/xsd/surefire-test-report-3.0.xsd" version="3.0" name="com.github.jamestrandung.memoize.MemoizeAspectTest" time="0.611" tests="1" errors="0" skipped="0" failures="0">
  <properties>
    <property name="java.specification.version" value="17"/>
    <property name="sun.jnu.encoding" value="UTF-8"/>
    <property name="java.class.path" value="/Users/james.tran/Desktop/development/java/java-memoize/memoize/target/test-classes:/Users/james.tran/Desktop/development/java/java-memoize/memoize/target/classes:/Users/james.tran/.m2/repository/org/apache/groovy/groovy/4.0.22/groovy-4.0.22.jar:/Users/james.tran/.m2/repository/org/apache/groovy/groovy-ant/4.0.22/groovy-ant-4.0.22.jar:/Users/james.tran/.m2/repository/org/apache/ant/ant/1.10.14/ant-1.10.14.jar:/Users/james.tran/.m2/repository/org/apache/ant/ant-junit/1.10.14/ant-junit-1.10.14.jar:/Users/james.tran/.m2/repository/org/apache/ant/ant-launcher/1.10.14/ant-launcher-1.10.14.jar:/Users/james.tran/.m2/repository/org/apache/ant/ant-antlr/1.10.14/ant-antlr-1.10.14.jar:/Users/james.tran/.m2/repository/org/apache/groovy/groovy-cli-picocli/4.0.22/groovy-cli-picocli-4.0.22.jar:/Users/james.tran/.m2/repository/info/picocli/picocli/4.7.6/picocli-4.7.6.jar:/Users/james.tran/.m2/repository/org/apache/groovy/groovy-console/4.0.22/groovy-console-4.0.22.jar:/Users/james.tran/.m2/repository/com/github/javaparser/javaparser-core/3.26.1/javaparser-core-3.26.1.jar:/Users/james.tran/.m2/repository/org/ow2/asm/asm-util/9.7/asm-util-9.7.jar:/Users/james.tran/.m2/repository/org/ow2/asm/asm/9.7/asm-9.7.jar:/Users/james.tran/.m2/repository/org/ow2/asm/asm-tree/9.7/asm-tree-9.7.jar:/Users/james.tran/.m2/repository/org/ow2/asm/asm-analysis/9.7/asm-analysis-9.7.jar:/Users/james.tran/.m2/repository/org/abego/treelayout/org.abego.treelayout.core/1.0.3/org.abego.treelayout.core-1.0.3.jar:/Users/james.tran/.m2/repository/org/apache/ivy/ivy/2.5.2/ivy-2.5.2.jar:/Users/james.tran/.m2/repository/org/apache/groovy/groovy-datetime/4.0.22/groovy-datetime-4.0.22.jar:/Users/james.tran/.m2/repository/org/apache/groovy/groovy-docgenerator/4.0.22/groovy-docgenerator-4.0.22.jar:/Users/james.tran/.m2/repository/com/thoughtworks/qdox/qdox/1.12.1/qdox-1.12.1.jar:/Users/james.tran/.m2/repository/org/apache/groovy/groovy-groovydoc/4.0.22/groovy-groovydoc-4.0.22.jar:/Users/james.tran/.m2/repository/org/apache/groovy/groovy-groovysh/4.0.22/groovy-groovysh-4.0.22.jar:/Users/james.tran/.m2/repository/jline/jline/2.14.6/jline-2.14.6.jar:/Users/james.tran/.m2/repository/org/apache/groovy/groovy-jmx/4.0.22/groovy-jmx-4.0.22.jar:/Users/james.tran/.m2/repository/org/apache/groovy/groovy-json/4.0.22/groovy-json-4.0.22.jar:/Users/james.tran/.m2/repository/org/apache/groovy/groovy-jsr223/4.0.22/groovy-jsr223-4.0.22.jar:/Users/james.tran/.m2/repository/org/apache/groovy/groovy-macro/4.0.22/groovy-macro-4.0.22.jar:/Users/james.tran/.m2/repository/org/apache/groovy/groovy-nio/4.0.22/groovy-nio-4.0.22.jar:/Users/james.tran/.m2/repository/org/apache/groovy/groovy-servlet/4.0.22/groovy-servlet-4.0.22.jar:/Users/james.tran/.m2/repository/org/apache/groovy/groovy-sql/4.0.22/groovy-sql-4.0.22.jar:/Users/james.tran/.m2/repository/org/apache/groovy/groovy-swing/4.0.22/groovy-swing-4.0.22.jar:/Users/james.tran/.m2/repository/org/apache/groovy/groovy-templates/4.0.22/groovy-templates-4.0.22.jar:/Users/james.tran/.m2/repository/org/apache/groovy/groovy-test/4.0.22/groovy-test-4.0.22.jar:/Users/james.tran/.m2/repository/junit/junit/4.13.2/junit-4.13.2.jar:/Users/james.tran/.m2/repository/org/hamcrest/hamcrest-core/1.3/hamcrest-core-1.3.jar:/Users/james.tran/.m2/repository/org/apache/groovy/groovy-test-junit5/4.0.22/groovy-test-junit5-4.0.22.jar:/Users/james.tran/.m2/repository/org/junit/platform/junit-platform-launcher/1.10.3/junit-platform-launcher-1.10.3.jar:/Users/james.tran/.m2/repository/org/junit/jupiter/junit-jupiter-engine/5.10.3/junit-jupiter-engine-5.10.3.jar:/Users/james.tran/.m2/repository/org/apache/groovy/groovy-xml/4.0.22/groovy-xml-4.0.22.jar:/Users/james.tran/.m2/repository/org/apache/groovy/groovy-yaml/4.0.22/groovy-yaml-4.0.22.jar:/Users/james.tran/.m2/repository/com/fasterxml/jackson/dataformat/jackson-dataformat-yaml/2.17.1/jackson-dataformat-yaml-2.17.1.jar:/Users/james.tran/.m2/repository/org/yaml/snakeyaml/2.2/snakeyaml-2.2.jar:/Users/james.tran/.m2/repository/com/fasterxml/jackson/core/jackson-core/2.17.1/jackson-core-2.17.1.jar:/Users/james.tran/.m2/repository/com/fasterxml/jackson/core/jackson-databind/2.17.1/jackson-databind-2.17.1.jar:/Users/james.tran/.m2/repository/com/fasterxml/jackson/core/jackson-annotations/2.17.1/jackson-annotations-2.17.1.jar:/Users/james.tran/.m2/repository/org/spockframework/spock-core/2.4-M4-groovy-4.0/spock-core-2.4-M4-groovy-4.0.jar:/Users/james.tran/.m2/repository/org/junit/platform/junit-platform-engine/1.10.3/junit-platform-engine-1.10.3.jar:/Users/james.tran/.m2/repository/org/opentest4j/opentest4j/1.3.0/opentest4j-1.3.0.jar:/Users/james.tran/.m2/repository/org/junit/platform/junit-platform-commons/1.10.3/junit-platform-commons-1.10.3.jar:/Users/james.tran/.m2/repository/org/apiguardian/apiguardian-api/1.1.2/apiguardian-api-1.1.2.jar:/Users/james.tran/.m2/repository/org/hamcrest/hamcrest/2.2/hamcrest-2.2.jar:/Users/james.tran/.m2/repository/io/leangen/geantyref/geantyref/1.3.15/geantyref-1.3.15.jar:/Users/james.tran/.m2/repository/org/mockito/mockito-junit-jupiter/5.12.0/mockito-junit-jupiter-5.12.0.jar:/Users/james.tran/.m2/repository/org/junit/jupiter/junit-jupiter-api/5.10.3/junit-jupiter-api-5.10.3.jar:/Users/james.tran/.m2/repository/org/mockito/mockito-core/5.12.0/mockito-core-5.12.0.jar:/Users/james.tran/.m2/repository/net/bytebuddy/byte-buddy/1.14.15/byte-buddy-1.14.15.jar:/Users/james.tran/.m2/repository/net/bytebuddy/byte-buddy-agent/1.14.15/byte-buddy-agent-1.14.15.jar:/Users/james.tran/.m2/repository/org/objenesis/objenesis/3.3/objenesis-3.3.jar:/Users/james.tran/.m2/repository/org/mockito/mockito-inline/5.2.0/mockito-inline-5.2.0.jar:/Users/james.tran/.m2/repository/org/springframework/spring-context/5.3.31/spring-context-5.3.31.jar:/Users/james.tran/.m2/repository/org/springframework/spring-aop/5.3.31/spring-aop-5.3.31.jar:/Users/james.tran/.m2/repository/org/springframework/spring-beans/5.3.31/spring-beans-5.3.31.jar:/Users/james.tran/.m2/repository/org/springframework/spring-core/5.3.31/spring-core-5.3.31.jar:/Users/james.tran/.m2/repository/org/springframework/spring-jcl/5.3.31/spring-jcl-5.3.31.jar:/Users/james.tran/.m2/repository/org/springframework/spring-expression/5.3.31/spring-expression-5.3.31.jar:/Users/james.tran/.m2/repository/org/aspectj/aspectjweaver/1.9.22.1/aspectjweaver-1.9.22.1.jar:/Users/james.tran/.m2/repository/com/github/ben-manes/caffeine/caffeine/3.1.8/caffeine-3.1.8.jar:/Users/james.tran/.m2/repository/org/checkerframework/checker-qual/3.37.0/checker-qual-3.37.0.jar:/Users/james.tran/.m2/repository/com/google/errorprone/error_prone_annotations/2.21.1/error_prone_annotations-2.21.1.jar:/Users/james.tran/.m2/repository/org/projectlombok/lombok/1.18.24/lombok-1.18.24.jar:/Users/james.tran/.m2/repository/org/apache/commons/commons-lang3/3.12.0/commons-lang3-3.12.0.jar:/Users/james.tran/.m2/repository/org/slf4j/slf4j-api/2.0.13/slf4j-api-2.0.13.jar:"/>
    <property name="java.vm.vendor" value="Eclipse Adoptium"/>
    <property name="sun.arch.data.model" value="64"/>
    <property name="java.vendor.url" value="https://adoptium.net/"/>
    <property name="user.timezone" value="Asia/Singapore"/>
    <property name="os.name" value="Mac OS X"/>
    <property name="java.vm.specification.version" value="17"/>
    <property name="sun.java.launcher" value="SUN_STANDARD"/>
    <property name="user.country" value="US"/>
    <property name="sun.boot.library.path" value="/Library/Java/JavaVirtualMachines/temurin-17.jdk/Contents/Home/lib"/>
    <property name="sun.java.command" value="/Users/james.tran/Desktop/development/java/java-memoize/memoize/target/surefire/surefirebooter-20240707153023474_9.jar /Users/james.tran/Desktop/development/java/java-memoize/memoize/target/surefire 2024-07-07T15-30-23_343-jvmRun1 surefire-20240707153023474_3tmp surefire_0-20240707153023474_4tmp"/>
    <property name="http.nonProxyHosts" value="local|*.local|169.254/16|*.169.254/16"/>
    <property name="jdk.debug" value="release"/>
    <property name="surefire.test.class.path" value="/Users/james.tran/Desktop/development/java/java-memoize/memoize/target/test-classes:/Users/james.tran/Desktop/development/java/java-memoize/memoize/target/classes:/Users/james.tran/.m2/repository/org/apache/groovy/groovy/4.0.22/groovy-4.0.22.jar:/Users/james.tran/.m2/repository/org/apache/groovy/groovy-ant/4.0.22/groovy-ant-4.0.22.jar:/Users/james.tran/.m2/repository/org/apache/ant/ant/1.10.14/ant-1.10.14.jar:/Users/james.tran/.m2/repository/org/apache/ant/ant-junit/1.10.14/ant-junit-1.10.14.jar:/Users/james.tran/.m2/repository/org/apache/ant/ant-launcher/1.10.14/ant-launcher-1.10.14.jar:/Users/james.tran/.m2/repository/org/apache/ant/ant-antlr/1.10.14/ant-antlr-1.10.14.jar:/Users/james.tran/.m2/repository/org/apache/groovy/groovy-cli-picocli/4.0.22/groovy-cli-picocli-4.0.22.jar:/Users/james.tran/.m2/repository/info/picocli/picocli/4.7.6/picocli-4.7.6.jar:/Users/james.tran/.m2/repository/org/apache/groovy/groovy-console/4.0.22/groovy-console-4.0.22.jar:/Users/james.tran/.m2/repository/com/github/javaparser/javaparser-core/3.26.1/javaparser-core-3.26.1.jar:/Users/james.tran/.m2/repository/org/ow2/asm/asm-util/9.7/asm-util-9.7.jar:/Users/james.tran/.m2/repository/org/ow2/asm/asm/9.7/asm-9.7.jar:/Users/james.tran/.m2/repository/org/ow2/asm/asm-tree/9.7/asm-tree-9.7.jar:/Users/james.tran/.m2/repository/org/ow2/asm/asm-analysis/9.7/asm-analysis-9.7.jar:/Users/james.tran/.m2/repository/org/abego/treelayout/org.abego.treelayout.core/1.0.3/org.abego.treelayout.core-1.0.3.jar:/Users/james.tran/.m2/repository/org/apache/ivy/ivy/2.5.2/ivy-2.5.2.jar:/Users/james.tran/.m2/repository/org/apache/groovy/groovy-datetime/4.0.22/groovy-datetime-4.0.22.jar:/Users/james.tran/.m2/repository/org/apache/groovy/groovy-docgenerator/4.0.22/groovy-docgenerator-4.0.22.jar:/Users/james.tran/.m2/repository/com/thoughtworks/qdox/qdox/1.12.1/qdox-1.12.1.jar:/Users/james.tran/.m2/repository/org/apache/groovy/groovy-groovydoc/4.0.22/groovy-groovydoc-4.0.22.jar:/Users/james.tran/.m2/repository/org/apache/groovy/groovy-groovysh/4.0.22/groovy-groovysh-4.0.22.jar:/Users/james.tran/.m2/repository/jline/jline/2.14.6/jline-2.14.6.jar:/Users/james.tran/.m2/repository/org/apache/groovy/groovy-jmx/4.0.22/groovy-jmx-4.0.22.jar:/Users/james.tran/.m2/repository/org/apache/groovy/groovy-json/4.0.22/groovy-json-4.0.22.jar:/Users/james.tran/.m2/repository/org/apache/groovy/groovy-jsr223/4.0.22/groovy-jsr223-4.0.22.jar:/Users/james.tran/.m2/repository/org/apache/groovy/groovy-macro/4.0.22/groovy-macro-4.0.22.jar:/Users/james.tran/.m2/repository/org/apache/groovy/groovy-nio/4.0.22/groovy-nio-4.0.22.jar:/Users/james.tran/.m2/repository/org/apache/groovy/groovy-servlet/4.0.22/groovy-servlet-4.0.22.jar:/Users/james.tran/.m2/repository/org/apache/groovy/groovy-sql/4.0.22/groovy-sql-4.0.22.jar:/Users/james.tran/.m2/repository/org/apache/groovy/groovy-swing/4.0.22/groovy-swing-4.0.22.jar:/Users/james.tran/.m2/repository/org/apache/groovy/groovy-templates/4.0.22/groovy-templates-4.0.22.jar:/Users/james.tran/.m2/repository/org/apache/groovy/groovy-test/4.0.22/groovy-test-4.0.22.jar:/Users/james.tran/.m2/repository/junit/junit/4.13.2/junit-4.13.2.jar:/Users/james.tran/.m2/repository/org/hamcrest/hamcrest-core/1.3/hamcrest-core-1.3.jar:/Users/james.tran/.m2/repository/org/apache/groovy/groovy-test-junit5/4.0.22/groovy-test-junit5-4.0.22.jar:/Users/james.tran/.m2/repository/org/junit/platform/junit-platform-launcher/1.10.3/junit-platform-launcher-1.10.3.jar:/Users/james.tran/.m2/repository/org/junit/jupiter/junit-jupiter-engine/5.10.3/junit-jupiter-engine-5.10.3.jar:/Users/james.tran/.m2/repository/org/apache/groovy/groovy-xml/4.0.22/groovy-xml-4.0.22.jar:/Users/james.tran/.m2/repository/org/apache/groovy/groovy-yaml/4.0.22/groovy-yaml-4.0.22.jar:/Users/james.tran/.m2/repository/com/fasterxml/jackson/dataformat/jackson-dataformat-yaml/2.17.1/jackson-dataformat-yaml-2.17.1.jar:/Users/james.tran/.m2/repository/org/yaml/snakeyaml/2.2/snakeyaml-2.2.jar:/Users/james.tran/.m2/repository/com/fasterxml/jackson/core/jackson-core/2.17.1/jackson-core-2.17.1.jar:/Users/james.tran/.m2/repository/com/fasterxml/jackson/core/jackson-databind/2.17.1/jackson-databind-2.17.1.jar:/Users/james.tran/.m2/repository/com/fasterxml/jackson/core/jackson-annotations/2.17.1/jackson-annotations-2.17.1.jar:/Users/james.tran/.m2/repository/org/spockframework/spock-core/2.4-M4-groovy-4.0/spock-core-2.4-M4-groovy-4.0.jar:/Users/james.tran/.m2/repository/org/junit/platform/junit-platform-engine/1.10.3/junit-platform-engine-1.10.3.jar:/Users/james.tran/.m2/repository/org/opentest4j/opentest4j/1.3.0/opentest4j-1.3.0.jar:/Users/james.tran/.m2/repository/org/junit/platform/junit-platform-commons/1.10.3/junit-platform-commons-1.10.3.jar:/Users/james.tran/.m2/repository/org/apiguardian/apiguardian-api/1.1.2/apiguardian-api-1.1.2.jar:/Users/james.tran/.m2/repository/org/hamcrest/hamcrest/2.2/hamcrest-2.2.jar:/Users/james.tran/.m2/repository/io/leangen/geantyref/geantyref/1.3.15/geantyref-1.3.15.jar:/Users/james.tran/.m2/repository/org/mockito/mockito-junit-jupiter/5.12.0/mockito-junit-jupiter-5.12.0.jar:/Users/james.tran/.m2/repository/org/junit/jupiter/junit-jupiter-api/5.10.3/junit-jupiter-api-5.10.3.jar:/Users/james.tran/.m2/repository/org/mockito/mockito-core/5.12.0/mockito-core-5.12.0.jar:/Users/james.tran/.m2/repository/net/bytebuddy/byte-buddy/1.14.15/byte-buddy-1.14.15.jar:/Users/james.tran/.m2/repository/net/bytebuddy/byte-buddy-agent/1.14.15/byte-buddy-agent-1.14.15.jar:/Users/james.tran/.m2/repository/org/objenesis/objenesis/3.3/objenesis-3.3.jar:/Users/james.tran/.m2/repository/org/mockito/mockito-inline/5.2.0/mockito-inline-5.2.0.jar:/Users/james.tran/.m2/repository/org/springframework/spring-context/5.3.31/spring-context-5.3.31.jar:/Users/james.tran/.m2/repository/org/springframework/spring-aop/5.3.31/spring-aop-5.3.31.jar:/Users/james.tran/.m2/repository/org/springframework/spring-beans/5.3.31/spring-beans-5.3.31.jar:/Users/james.tran/.m2/repository/org/springframework/spring-core/5.3.31/spring-core-5.3.31.jar:/Users/james.tran/.m2/repository/org/springframework/spring-jcl/5.3.31/spring-jcl-5.3.31.jar:/Users/james.tran/.m2/repository/org/springframework/spring-expression/5.3.31/spring-expression-5.3.31.jar:/Users/james.tran/.m2/repository/org/aspectj/aspectjweaver/1.9.22.1/aspectjweaver-1.9.22.1.jar:/Users/james.tran/.m2/repository/com/github/ben-manes/caffeine/caffeine/3.1.8/caffeine-3.1.8.jar:/Users/james.tran/.m2/repository/org/checkerframework/checker-qual/3.37.0/checker-qual-3.37.0.jar:/Users/james.tran/.m2/repository/com/google/errorprone/error_prone_annotations/2.21.1/error_prone_annotations-2.21.1.jar:/Users/james.tran/.m2/repository/org/projectlombok/lombok/1.18.24/lombok-1.18.24.jar:/Users/james.tran/.m2/repository/org/apache/commons/commons-lang3/3.12.0/commons-lang3-3.12.0.jar:/Users/james.tran/.m2/repository/org/slf4j/slf4j-api/2.0.13/slf4j-api-2.0.13.jar:"/>
    <property name="sun.cpu.endian" value="little"/>
    <property name="user.home" value="/Users/james.tran"/>
    <property name="user.language" value="en"/>
    <property name="java.specification.vendor" value="Oracle Corporation"/>
    <property name="java.version.date" value="2024-04-16"/>
    <property name="java.home" value="/Library/Java/JavaVirtualMachines/temurin-17.jdk/Contents/Home"/>
    <property name="file.separator" value="/"/>
    <property name="basedir" value="/Users/james.tran/Desktop/development/java/java-memoize/memoize"/>
    <property name="java.vm.compressedOopsMode" value="Zero based"/>
    <property name="line.separator" value="&#10;"/>
    <property name="java.vm.specification.vendor" value="Oracle Corporation"/>
    <property name="java.specification.name" value="Java Platform API Specification"/>
    <property name="surefire.real.class.path" value="/Users/james.tran/Desktop/development/java/java-memoize/memoize/target/surefire/surefirebooter-20240707153023474_9.jar"/>
    <property name="sun.management.compiler" value="HotSpot 64-Bit Tiered Compilers"/>
    <property name="ftp.nonProxyHosts" value="local|*.local|169.254/16|*.169.254/16"/>
    <property name="java.runtime.version" value="17.0.11+9"/>
    <property name="user.name" value="james.tran"/>
    <property name="path.separator" value=":"/>
    <property name="os.version" value="14.2.1"/>
    <property name="java.runtime.name" value="OpenJDK Runtime Environment"/>
    <property name="file.encoding" value="UTF-8"/>
    <property name="java.vm.name" value="OpenJDK 64-Bit Server VM"/>
    <property name="java.vendor.version" value="Temurin-17.0.11+9"/>
    <property name="localRepository" value="/Users/james.tran/.m2/repository"/>
    <property name="java.vendor.url.bug" value="https://github.com/adoptium/adoptium-support/issues"/>
    <property name="java.io.tmpdir" value="/var/folders/lm/9txcn64x1zl18nnlny6q19_h0000gn/T/"/>
    <property name="idea.version" value="2024.1.4"/>
    <property name="java.version" value="17.0.11"/>
    <property name="user.dir" value="/Users/james.tran/Desktop/development/java/java-memoize/memoize"/>
    <property name="os.arch" value="aarch64"/>
    <property name="java.vm.specification.name" value="Java Virtual Machine Specification"/>
    <property name="native.encoding" value="UTF-8"/>
    <property name="java.library.path" value="/Users/james.tran/Library/Java/Extensions:/Library/Java/Extensions:/Network/Library/Java/Extensions:/System/Library/Java/Extensions:/usr/lib/java:."/>
    <property name="java.vm.info" value="mixed mode"/>
    <property name="java.vendor" value="Eclipse Adoptium"/>
    <property name="java.vm.version" value="17.0.11+9"/>
    <property name="sun.io.unicode.encoding" value="UnicodeBig"/>
    <property name="socksNonProxyHosts" value="local|*.local|169.254/16|*.169.254/16"/>
    <property name="java.class.version" value="61.0"/>
  </properties>
  <testcase name="test memoize" classname="com.github.jamestrandung.memoize.MemoizeAspectTest" time="0.606"/>
</testsuite>